0 info it worked if it ends with ok
1 verbose cli [ '/usr/local/bin/node',
1 verbose cli   '/usr/local/bin/npm',
1 verbose cli   'install',
1 verbose cli   '-g',
1 verbose cli   'ios-deploy' ]
2 info using npm@1.4.28
3 info using node@v0.10.33
4 verbose node symlink /usr/local/bin/node
5 verbose cache add [ 'ios-deploy', null ]
6 verbose cache add name=undefined spec="ios-deploy" args=["ios-deploy",null]
7 verbose parsed url { protocol: null,
7 verbose parsed url   slashes: null,
7 verbose parsed url   auth: null,
7 verbose parsed url   host: null,
7 verbose parsed url   port: null,
7 verbose parsed url   hostname: null,
7 verbose parsed url   hash: null,
7 verbose parsed url   search: null,
7 verbose parsed url   query: null,
7 verbose parsed url   pathname: 'ios-deploy',
7 verbose parsed url   path: 'ios-deploy',
7 verbose parsed url   href: 'ios-deploy' }
8 silly lockFile 69149c11-ios-deploy ios-deploy
9 verbose lock ios-deploy /Users/chenkel/.npm/69149c11-ios-deploy.lock
10 silly lockFile 69149c11-ios-deploy ios-deploy
11 silly lockFile 69149c11-ios-deploy ios-deploy
12 verbose addNamed [ 'ios-deploy', '' ]
13 verbose addNamed [ null, '*' ]
14 silly lockFile 9c508a6b-ios-deploy ios-deploy@
15 verbose lock ios-deploy@ /Users/chenkel/.npm/9c508a6b-ios-deploy.lock
16 silly addNameRange { name: 'ios-deploy', range: '*', hasData: false }
17 verbose request where is /ios-deploy
18 verbose request registry https://registry.npmjs.org/
19 verbose request id a7169345e115dd10
20 verbose url raw /ios-deploy
21 verbose url resolving [ 'https://registry.npmjs.org/', './ios-deploy' ]
22 verbose url resolved https://registry.npmjs.org/ios-deploy
23 verbose request where is https://registry.npmjs.org/ios-deploy
24 info trying registry request attempt 1 at 20:46:18
25 http GET https://registry.npmjs.org/ios-deploy
26 http 200 https://registry.npmjs.org/ios-deploy
27 silly registry.get cb [ 200,
27 silly registry.get   { date: 'Tue, 27 Jan 2015 19:46:19 GMT',
27 silly registry.get     server: 'CouchDB/1.5.0 (Erlang OTP/R16B03)',
27 silly registry.get     etag: '"BRWRE5AGVNLEJ4N1FLY3VOOUR"',
27 silly registry.get     'content-type': 'application/json',
27 silly registry.get     'cache-control': 'max-age=60',
27 silly registry.get     'content-length': '17906',
27 silly registry.get     'accept-ranges': 'bytes',
27 silly registry.get     via: '1.1 varnish',
27 silly registry.get     age: '0',
27 silly registry.get     'x-served-by': 'cache-lhr6330-LHR',
27 silly registry.get     'x-cache': 'MISS',
27 silly registry.get     'x-cache-hits': '0',
27 silly registry.get     'x-timer': 'S1422387978.868018,VS0,VE976',
27 silly registry.get     vary: 'Accept',
27 silly registry.get     'keep-alive': 'timeout=10, max=50',
27 silly registry.get     connection: 'Keep-Alive' } ]
28 silly addNameRange number 2 { name: 'ios-deploy', range: '*', hasData: true }
29 silly addNameRange versions [ 'ios-deploy',
29 silly addNameRange   [ '1.0.1',
29 silly addNameRange     '1.0.2',
29 silly addNameRange     '1.0.3',
29 silly addNameRange     '1.0.4',
29 silly addNameRange     '1.0.5',
29 silly addNameRange     '1.0.6',
29 silly addNameRange     '1.0.7',
29 silly addNameRange     '1.0.8',
29 silly addNameRange     '1.0.9',
29 silly addNameRange     '1.1.0',
29 silly addNameRange     '1.2.0',
29 silly addNameRange     '1.3.0',
29 silly addNameRange     '1.3.1',
29 silly addNameRange     '1.3.2' ] ]
30 verbose addNamed [ 'ios-deploy', '1.3.2' ]
31 verbose addNamed [ '1.3.2', '1.3.2' ]
32 silly lockFile 8f684016-ios-deploy-1-3-2 ios-deploy@1.3.2
33 verbose lock ios-deploy@1.3.2 /Users/chenkel/.npm/8f684016-ios-deploy-1-3-2.lock
34 silly lockFile 4178ac81--ios-deploy-ios-deploy-1-3-2-tgz https://registry.npmjs.org/ios-deploy/-/ios-deploy-1.3.2.tgz
35 verbose lock https://registry.npmjs.org/ios-deploy/-/ios-deploy-1.3.2.tgz /Users/chenkel/.npm/4178ac81--ios-deploy-ios-deploy-1-3-2-tgz.lock
36 verbose addRemoteTarball [ 'https://registry.npmjs.org/ios-deploy/-/ios-deploy-1.3.2.tgz',
36 verbose addRemoteTarball   '6ffbbe287cec383198fc977ac6336e150ef2f5bc' ]
37 info retry fetch attempt 1 at 20:46:19
38 verbose fetch to= /var/folders/l8/rfhy40jj54jdkyjynnvkrd080000gn/T/npm-1525-VdCsoSB_/registry.npmjs.org/ios-deploy/-/ios-deploy-1.3.2.tgz
39 http GET https://registry.npmjs.org/ios-deploy/-/ios-deploy-1.3.2.tgz
40 http 400 https://registry.npmjs.org/ios-deploy/-/ios-deploy-1.3.2.tgz
41 error fetch failed https://registry.npmjs.org/ios-deploy/-/ios-deploy-1.3.2.tgz
42 silly lockFile 4178ac81--ios-deploy-ios-deploy-1-3-2-tgz https://registry.npmjs.org/ios-deploy/-/ios-deploy-1.3.2.tgz
43 silly lockFile 4178ac81--ios-deploy-ios-deploy-1-3-2-tgz https://registry.npmjs.org/ios-deploy/-/ios-deploy-1.3.2.tgz
44 silly lockFile 8f684016-ios-deploy-1-3-2 ios-deploy@1.3.2
45 silly lockFile 8f684016-ios-deploy-1-3-2 ios-deploy@1.3.2
46 silly lockFile 9c508a6b-ios-deploy ios-deploy@
47 silly lockFile 9c508a6b-ios-deploy ios-deploy@
48 error Error: 400 Bad Request
48 error     at WriteStream.<anonymous> (/usr/local/lib/node_modules/npm/lib/utils/fetch.js:58:12)
48 error     at WriteStream.emit (events.js:117:20)
48 error     at evalmachine.<anonymous>:1609:14
48 error     at /usr/local/lib/node_modules/npm/node_modules/graceful-fs/graceful-fs.js:102:5
48 error     at Object.oncomplete (evalmachine.<anonymous>:107:15)
49 error If you need help, you may report this *entire* log,
49 error including the npm and node versions, at:
49 error     <http://github.com/npm/npm/issues>
50 error System Darwin 14.1.0
51 error command "/usr/local/bin/node" "/usr/local/bin/npm" "install" "-g" "ios-deploy"
52 error cwd /Users/chenkel/phonegap/goebu
53 error node -v v0.10.33
54 error npm -v 1.4.28
55 verbose exit [ 1, true ]
